<?xml version="1.0" encoding="UTF-8"?>
<!-- Generated by org.testng.reporters.JUnitXMLReporter -->
<testsuite hostname="DESKTOP-OPLDG4L" name="Default test" tests="3" failures="0" timestamp="18 Jan 2019 00:21:07 GMT" time="31.819" errors="0">
  <testcase name="verifyHomePageTitleTest" time="0.019" classname="com.qa.testcases.HomePageTest"/>
  <testcase name="clickOnDomainlink" time="2.129" classname="com.qa.testcases.HomePageTest"/>
  <testcase name="userNameLabelTest" time="0.063" classname="com.qa.testcases.HomePageTest"/>
</testsuite> <!-- Default test -->
