<?xml version="1.0" encoding="UTF-8"?>
<!-- Generated by org.testng.reporters.JUnitXMLReporter -->
<testsuite ignored="2" hostname="DESKTOP-HVSIN5A" failures="0" tests="1" name="Default test" time="5.221" errors="0" timestamp="2025-08-22T18:54:08 EDT">
  <testcase classname="com.tcsproject.SeleniumAutomation.MyFirstSeleniumTest" name="dynamicContestTest" time="5.154"/>
  <testcase classname="com.tcsproject.SeleniumAutomation.MyFirstSeleniumTest" name="loginTest" time="0.0">
    <ignored/>
  </testcase> <!-- loginTest -->
  <testcase classname="com.tcsproject.SeleniumAutomation.MyFirstSeleniumTest" name="dynamicContestButtonIsEnabled" time="0.0">
    <ignored/>
  </testcase> <!-- dynamicContestButtonIsEnabled -->
</testsuite> <!-- Default test -->
