<?xml version="1.0" encoding="UTF-8"?>
<testng-results ignored="0" total="1" passed="1" failed="0" skipped="0">
  <reporter-output>
  </reporter-output>
  <suite started-at="2025-08-23T17:09:01 EDT" name="Default suite" finished-at="2025-08-23T17:09:04 EDT" duration-ms="3198">
    <groups>
    </groups>
    <test started-at="2025-08-23T17:09:01 EDT" name="Default test" finished-at="2025-08-23T17:09:04 EDT" duration-ms="3198">
      <class name="dropdownselect.dropdownmultivalues$DropDownValues">
        <test-method signature="testmyDD()[pri:0, instance:dropdownselect.dropdownmultivalues$DropDownValues@7db12bb6]" started-at="2025-08-23T17:09:01 EDT" name="testmyDD" finished-at="2025-08-23T17:09:04 EDT" duration-ms="3111" status="PASS">
          <reporter-output>
          </reporter-output>
        </test-method> <!-- testmyDD -->
      </class> <!-- dropdownselect.dropdownmultivalues$DropDownValues -->
    </test> <!-- Default test -->
  </suite> <!-- Default suite -->
</testng-results>
