<?xml version="1.0" encoding="UTF-8"?>
<!-- Generated by org.testng.reporters.JUnitReportReporter -->
<testsuite hostname="DESKTOP-OPLDG4L" name="com.qa.testcases.HomePageTest" tests="2" failures="0" timestamp="16 Jan 2019 22:16:51 GMT" time="20.472" errors="0">
  <testcase name="clickOnDomainlink" time="9.910" classname="com.qa.testcases.HomePageTest"/>
  <testcase name="verifyHomePageTitleTest" time="10.562" classname="com.qa.testcases.HomePageTest"/>
</testsuite> <!-- com.qa.testcases.HomePageTest -->
