<?xml version="1.0" encoding="UTF-8"?>
<!-- Generated by org.testng.reporters.JUnitReportReporter -->
<testsuite hostname="DESKTOP-OPLDG4L" name="com.qa.testcases.LoginPageTest" tests="3" failures="0" timestamp="26 Jan 2019 20:21:13 GMT" time="25.039" errors="0">
  <testcase name="loginPageTitleTest" time="6.751" classname="com.qa.testcases.LoginPageTest"/>
  <testcase name="logoImageTest" time="6.360" classname="com.qa.testcases.LoginPageTest"/>
  <testcase name="loginTest" time="11.928" classname="com.qa.testcases.LoginPageTest"/>
</testsuite> <!-- com.qa.testcases.LoginPageTest -->
