<?xml version="1.0" encoding="UTF-8"?>
<!-- Generated by org.testng.reporters.JUnitReportReporter -->
<testsuite hostname="DESKTOP-OPLDG4L" name="com.qa.testcases.HomePageTest" tests="3" failures="0" timestamp="25 Jan 2019 22:01:27 GMT" time="35.750" errors="0">
  <testcase name="userNameLabelTest" time="9.619" classname="com.qa.testcases.HomePageTest"/>
  <testcase name="verifyHomePageTitleTest" time="12.261" classname="com.qa.testcases.HomePageTest"/>
  <testcase name="clickOnDomainlink" time="13.870" classname="com.qa.testcases.HomePageTest"/>
</testsuite> <!-- com.qa.testcases.HomePageTest -->
